[2025-07-04 12:25:44] local.INFO: QueryLoggingMiddleware started  
[2025-07-04 12:25:44] local.ERROR: Class "PhpOffice\PhpSpreadsheet\Spreadsheet" not found {"userId":1,"exception":"[object] (Error(code: 0): Class \"PhpOffice\\PhpSpreadsheet\\Spreadsheet\" not found at D:\\workspace\\Asist1\\asisigit\\l_vegaasist.com.tr\\vasist-project\\app\\Exports\\PackagesExport.php:58)
[stacktrace]
#0 D:\\workspace\\Asist1\\asisigit\\l_vegaasist.com.tr\\vasist-project\\app\\Http\\Controllers\\PackageController.php(934): App\\Exports\\PackagesExport->export()
#1 D:\\workspace\\Asist1\\asisigit\\l_vegaasist.com.tr\\vasist-project\\vendor\\laravel\\framework\\src\\Illuminate\\Routing\\Controller.php(54): App\\Http\\Controllers\\PackageController->exportFilteredPackages(Object(Illuminate\\Http\\Request))
#2 D:\\workspace\\Asist1\\asisigit\\l_vegaasist.com.tr\\vasist-project\\vendor\\laravel\\framework\\src\\Illuminate\\Routing\\ControllerDispatcher.php(43): Illuminate\\Routing\\Controller->callAction('exportFilteredP...', Array)
#3 D:\\workspace\\Asist1\\asisigit\\l_vegaasist.com.tr\\vasist-project\\vendor\\laravel\\framework\\src\\Illuminate\\Routing\\Route.php(260): Illuminate\\Routing\\ControllerDispatcher->dispatch(Object(Illuminate\\Routing\\Route), Object(App\\Http\\Controllers\\PackageController), 'exportFilteredP...')
#4 D:\\workspace\\Asist1\\asisigit\\l_vegaasist.com.tr\\vasist-project\\vendor\\laravel\\framework\\src\\Illuminate\\Routing\\Route.php(205): Illuminate\\Routing\\Route->runController()
#5 D:\\workspace\\Asist1\\asisigit\\l_vegaasist.com.tr\\vasist-project\\vendor\\laravel\\framework\\src\\Illuminate\\Routing\\Router.php(798): Illuminate\\Routing\\Route->run()
#6 D:\\workspace\\Asist1\\asisigit\\l_vegaasist.com.tr\\vasist-project\\vendor\\laravel\\framework\\src\\Illuminate\\Pipeline\\Pipeline.php(141): Illuminate\\Routing\\Router->Illuminate\\Routing\\{closure}(Object(Illuminate\\Http\\Request))
#7 D:\\workspace\\Asist1\\asisigit\\l_vegaasist.com.tr\\vasist-project\\app\\Http\\Middleware\\QueryLoggingMiddleware.php(21): Illuminate\\Pipeline\\Pipeline->Illuminate\\Pipeline\\{closure}(Object(Illuminate\\Http\\Request))
#8 D:\\workspace\\Asist1\\asisigit\\l_vegaasist.com.tr\\vasist-project\\vendor\\laravel\\framework\\src\\Illuminate\\Pipeline\\Pipeline.php(180): App\\Http\\Middleware\\QueryLoggingMiddleware->handle(Object(Illuminate\\Http\\Request), Object(Closure))
#9 D:\\workspace\\Asist1\\asisigit\\l_vegaasist.com.tr\\vasist-project\\vendor\\laravel\\framework\\src\\Illuminate\\Routing\\Middleware\\SubstituteBindings.php(50): Illuminate\\Pipeline\\Pipeline->Illuminate\\Pipeline\\{closure}(Object(Illuminate\\Http\\Request))
#10 D:\\workspace\\Asist1\\asisigit\\l_vegaasist.com.tr\\vasist-project\\vendor\\laravel\\framework\\src\\Illuminate\\Pipeline\\Pipeline.php(180): Illuminate\\Routing\\Middleware\\SubstituteBindings->handle(Object(Illuminate\\Http\\Request), Object(Closure))
#11 D:\\workspace\\Asist1\\asisigit\\l_vegaasist.com.tr\\vasist-project\\vendor\\laravel\\framework\\src\\Illuminate\\Auth\\Middleware\\Authenticate.php(44): Illuminate\\Pipeline\\Pipeline->Illuminate\\Pipeline\\{closure}(Object(Illuminate\\Http\\Request))
#12 D:\\workspace\\Asist1\\asisigit\\l_vegaasist.com.tr\\vasist-project\\vendor\\laravel\\framework\\src\\Illuminate\\Pipeline\\Pipeline.php(180): Illuminate\\Auth\\Middleware\\Authenticate->handle(Object(Illuminate\\Http\\Request), Object(Closure))
#13 D:\\workspace\\Asist1\\asisigit\\l_vegaasist.com.tr\\vasist-project\\vendor\\laravel\\framework\\src\\Illuminate\\Foundation\\Http\\Middleware\\VerifyCsrfToken.php(78): Illuminate\\Pipeline\\Pipeline->Illuminate\\Pipeline\\{closure}(Object(Illuminate\\Http\\Request))
#14 D:\\workspace\\Asist1\\asisigit\\l_vegaasist.com.tr\\vasist-project\\vendor\\laravel\\framework\\src\\Illuminate\\Pipeline\\Pipeline.php(180): Illuminate\\Foundation\\Http\\Middleware\\VerifyCsrfToken->handle(Object(Illuminate\\Http\\Request), Object(Closure))
#15 D:\\workspace\\Asist1\\asisigit\\l_vegaasist.com.tr\\vasist-project\\vendor\\laravel\\framework\\src\\Illuminate\\View\\Middleware\\ShareErrorsFromSession.php(49): Illuminate\\Pipeline\\Pipeline->Illuminate\\Pipeline\\{closure}(Object(Illuminate\\Http\\Request))
#16 D:\\workspace\\Asist1\\asisigit\\l_vegaasist.com.tr\\vasist-project\\vendor\\laravel\\framework\\src\\Illuminate\\Pipeline\\Pipeline.php(180): Illuminate\\View\\Middleware\\ShareErrorsFromSession->handle(Object(Illuminate\\Http\\Request), Object(Closure))
#17 D:\\workspace\\Asist1\\asisigit\\l_vegaasist.com.tr\\vasist-project\\vendor\\laravel\\framework\\src\\Illuminate\\Session\\Middleware\\StartSession.php(121): Illuminate\\Pipeline\\Pipeline->Illuminate\\Pipeline\\{closure}(Object(Illuminate\\Http\\Request))
#18 D:\\workspace\\Asist1\\asisigit\\l_vegaasist.com.tr\\vasist-project\\vendor\\laravel\\framework\\src\\Illuminate\\Session\\Middleware\\StartSession.php(64): Illuminate\\Session\\Middleware\\StartSession->handleStatefulRequest(Object(Illuminate\\Http\\Request), Object(Illuminate\\Session\\Store), Object(Closure))
#19 D:\\workspace\\Asist1\\asisigit\\l_vegaasist.com.tr\\vasist-project\\vendor\\laravel\\framework\\src\\Illuminate\\Pipeline\\Pipeline.php(180): Illuminate\\Session\\Middleware\\StartSession->handle(Object(Illuminate\\Http\\Request), Object(Closure))
#20 D:\\workspace\\Asist1\\asisigit\\l_vegaasist.com.tr\\vasist-project\\vendor\\laravel\\framework\\src\\Illuminate\\Cookie\\Middleware\\AddQueuedCookiesToResponse.php(37): Illuminate\\Pipeline\\Pipeline->Illuminate\\Pipeline\\{closure}(Object(Illuminate\\Http\\Request))
#21 D:\\workspace\\Asist1\\asisigit\\l_vegaasist.com.tr\\vasist-project\\vendor\\laravel\\framework\\src\\Illuminate\\Pipeline\\Pipeline.php(180): Illuminate\\Cookie\\Middleware\\AddQueuedCookiesToResponse->handle(Object(Illuminate\\Http\\Request), Object(Closure))
#22 D:\\workspace\\Asist1\\asisigit\\l_vegaasist.com.tr\\vasist-project\\vendor\\laravel\\framework\\src\\Illuminate\\Cookie\\Middleware\\EncryptCookies.php(67): Illuminate\\Pipeline\\Pipeline->Illuminate\\Pipeline\\{closure}(Object(Illuminate\\Http\\Request))
#23 D:\\workspace\\Asist1\\asisigit\\l_vegaasist.com.tr\\vasist-project\\vendor\\laravel\\framework\\src\\Illuminate\\Pipeline\\Pipeline.php(180): Illuminate\\Cookie\\Middleware\\EncryptCookies->handle(Object(Illuminate\\Http\\Request), Object(Closure))
#24 D:\\workspace\\Asist1\\asisigit\\l_vegaasist.com.tr\\vasist-project\\vendor\\laravel\\framework\\src\\Illuminate\\Pipeline\\Pipeline.php(116): Illuminate\\Pipeline\\Pipeline->Illuminate\\Pipeline\\{closure}(Object(Illuminate\\Http\\Request))
#25 D:\\workspace\\Asist1\\asisigit\\l_vegaasist.com.tr\\vasist-project\\vendor\\laravel\\framework\\src\\Illuminate\\Routing\\Router.php(799): Illuminate\\Pipeline\\Pipeline->then(Object(Closure))
#26 D:\\workspace\\Asist1\\asisigit\\l_vegaasist.com.tr\\vasist-project\\vendor\\laravel\\framework\\src\\Illuminate\\Routing\\Router.php(776): Illuminate\\Routing\\Router->runRouteWithinStack(Object(Illuminate\\Routing\\Route), Object(Illuminate\\Http\\Request))
#27 D:\\workspace\\Asist1\\asisigit\\l_vegaasist.com.tr\\vasist-project\\vendor\\laravel\\framework\\src\\Illuminate\\Routing\\Router.php(740): Illuminate\\Routing\\Router->runRoute(Object(Illuminate\\Http\\Request), Object(Illuminate\\Routing\\Route))
#28 D:\\workspace\\Asist1\\asisigit\\l_vegaasist.com.tr\\vasist-project\\vendor\\laravel\\framework\\src\\Illuminate\\Routing\\Router.php(729): Illuminate\\Routing\\Router->dispatchToRoute(Object(Illuminate\\Http\\Request))
#29 D:\\workspace\\Asist1\\asisigit\\l_vegaasist.com.tr\\vasist-project\\vendor\\laravel\\framework\\src\\Illuminate\\Foundation\\Http\\Kernel.php(190): Illuminate\\Routing\\Router->dispatch(Object(Illuminate\\Http\\Request))
#30 D:\\workspace\\Asist1\\asisigit\\l_vegaasist.com.tr\\vasist-project\\vendor\\laravel\\framework\\src\\Illuminate\\Pipeline\\Pipeline.php(141): Illuminate\\Foundation\\Http\\Kernel->Illuminate\\Foundation\\Http\\{closure}(Object(Illuminate\\Http\\Request))
#31 D:\\workspace\\Asist1\\asisigit\\l_vegaasist.com.tr\\vasist-project\\vendor\\fideloper\\proxy\\src\\TrustProxies.php(57): Illuminate\\Pipeline\\Pipeline->Illuminate\\Pipeline\\{closure}(Object(Illuminate\\Http\\Request))
#32 D:\\workspace\\Asist1\\asisigit\\l_vegaasist.com.tr\\vasist-project\\vendor\\laravel\\framework\\src\\Illuminate\\Pipeline\\Pipeline.php(180): Fideloper\\Proxy\\TrustProxies->handle(Object(Illuminate\\Http\\Request), Object(Closure))
#33 D:\\workspace\\Asist1\\asisigit\\l_vegaasist.com.tr\\vasist-project\\app\\Http\\Middleware\\LogPageVisits.php(12): Illuminate\\Pipeline\\Pipeline->Illuminate\\Pipeline\\{closure}(Object(Illuminate\\Http\\Request))
#34 D:\\workspace\\Asist1\\asisigit\\l_vegaasist.com.tr\\vasist-project\\vendor\\laravel\\framework\\src\\Illuminate\\Pipeline\\Pipeline.php(180): App\\Http\\Middleware\\LogPageVisits->handle(Object(Illuminate\\Http\\Request), Object(Closure))
#35 D:\\workspace\\Asist1\\asisigit\\l_vegaasist.com.tr\\vasist-project\\vendor\\laravel\\framework\\src\\Illuminate\\Foundation\\Http\\Middleware\\TransformsRequest.php(21): Illuminate\\Pipeline\\Pipeline->Illuminate\\Pipeline\\{closure}(Object(Illuminate\\Http\\Request))
#36 D:\\workspace\\Asist1\\asisigit\\l_vegaasist.com.tr\\vasist-project\\vendor\\laravel\\framework\\src\\Illuminate\\Foundation\\Http\\Middleware\\ConvertEmptyStringsToNull.php(31): Illuminate\\Foundation\\Http\\Middleware\\TransformsRequest->handle(Object(Illuminate\\Http\\Request), Object(Closure))
#37 D:\\workspace\\Asist1\\asisigit\\l_vegaasist.com.tr\\vasist-project\\vendor\\laravel\\framework\\src\\Illuminate\\Pipeline\\Pipeline.php(180): Illuminate\\Foundation\\Http\\Middleware\\ConvertEmptyStringsToNull->handle(Object(Illuminate\\Http\\Request), Object(Closure))
#38 D:\\workspace\\Asist1\\asisigit\\l_vegaasist.com.tr\\vasist-project\\vendor\\laravel\\framework\\src\\Illuminate\\Foundation\\Http\\Middleware\\TransformsRequest.php(21): Illuminate\\Pipeline\\Pipeline->Illuminate\\Pipeline\\{closure}(Object(Illuminate\\Http\\Request))
#39 D:\\workspace\\Asist1\\asisigit\\l_vegaasist.com.tr\\vasist-project\\vendor\\laravel\\framework\\src\\Illuminate\\Foundation\\Http\\Middleware\\TrimStrings.php(40): Illuminate\\Foundation\\Http\\Middleware\\TransformsRequest->handle(Object(Illuminate\\Http\\Request), Object(Closure))
#40 D:\\workspace\\Asist1\\asisigit\\l_vegaasist.com.tr\\vasist-project\\vendor\\laravel\\framework\\src\\Illuminate\\Pipeline\\Pipeline.php(180): Illuminate\\Foundation\\Http\\Middleware\\TrimStrings->handle(Object(Illuminate\\Http\\Request), Object(Closure))
#41 D:\\workspace\\Asist1\\asisigit\\l_vegaasist.com.tr\\vasist-project\\vendor\\laravel\\framework\\src\\Illuminate\\Foundation\\Http\\Middleware\\ValidatePostSize.php(27): Illuminate\\Pipeline\\Pipeline->Illuminate\\Pipeline\\{closure}(Object(Illuminate\\Http\\Request))
#42 D:\\workspace\\Asist1\\asisigit\\l_vegaasist.com.tr\\vasist-project\\vendor\\laravel\\framework\\src\\Illuminate\\Pipeline\\Pipeline.php(180): Illuminate\\Foundation\\Http\\Middleware\\ValidatePostSize->handle(Object(Illuminate\\Http\\Request), Object(Closure))
#43 D:\\workspace\\Asist1\\asisigit\\l_vegaasist.com.tr\\vasist-project\\vendor\\laravel\\framework\\src\\Illuminate\\Foundation\\Http\\Middleware\\PreventRequestsDuringMaintenance.php(86): Illuminate\\Pipeline\\Pipeline->Illuminate\\Pipeline\\{closure}(Object(Illuminate\\Http\\Request))
#44 D:\\workspace\\Asist1\\asisigit\\l_vegaasist.com.tr\\vasist-project\\vendor\\laravel\\framework\\src\\Illuminate\\Pipeline\\Pipeline.php(180): Illuminate\\Foundation\\Http\\Middleware\\PreventRequestsDuringMaintenance->handle(Object(Illuminate\\Http\\Request), Object(Closure))
#45 D:\\workspace\\Asist1\\asisigit\\l_vegaasist.com.tr\\vasist-project\\vendor\\laravel\\framework\\src\\Illuminate\\Http\\Middleware\\HandleCors.php(49): Illuminate\\Pipeline\\Pipeline->Illuminate\\Pipeline\\{closure}(Object(Illuminate\\Http\\Request))
#46 D:\\workspace\\Asist1\\asisigit\\l_vegaasist.com.tr\\vasist-project\\vendor\\laravel\\framework\\src\\Illuminate\\Pipeline\\Pipeline.php(180): Illuminate\\Http\\Middleware\\HandleCors->handle(Object(Illuminate\\Http\\Request), Object(Closure))
#47 D:\\workspace\\Asist1\\asisigit\\l_vegaasist.com.tr\\vasist-project\\vendor\\laravel\\framework\\src\\Illuminate\\Http\\Middleware\\TrustProxies.php(39): Illuminate\\Pipeline\\Pipeline->Illuminate\\Pipeline\\{closure}(Object(Illuminate\\Http\\Request))
#48 D:\\workspace\\Asist1\\asisigit\\l_vegaasist.com.tr\\vasist-project\\vendor\\laravel\\framework\\src\\Illuminate\\Pipeline\\Pipeline.php(180): Illuminate\\Http\\Middleware\\TrustProxies->handle(Object(Illuminate\\Http\\Request), Object(Closure))
#49 D:\\workspace\\Asist1\\asisigit\\l_vegaasist.com.tr\\vasist-project\\vendor\\laravel\\framework\\src\\Illuminate\\Pipeline\\Pipeline.php(116): Illuminate\\Pipeline\\Pipeline->Illuminate\\Pipeline\\{closure}(Object(Illuminate\\Http\\Request))
#50 D:\\workspace\\Asist1\\asisigit\\l_vegaasist.com.tr\\vasist-project\\vendor\\laravel\\framework\\src\\Illuminate\\Foundation\\Http\\Kernel.php(165): Illuminate\\Pipeline\\Pipeline->then(Object(Closure))
#51 D:\\workspace\\Asist1\\asisigit\\l_vegaasist.com.tr\\vasist-project\\vendor\\laravel\\framework\\src\\Illuminate\\Foundation\\Http\\Kernel.php(134): Illuminate\\Foundation\\Http\\Kernel->sendRequestThroughRouter(Object(Illuminate\\Http\\Request))
#52 D:\\workspace\\Asist1\\asisigit\\l_vegaasist.com.tr\\vasist-project\\public\\index.php(52): Illuminate\\Foundation\\Http\\Kernel->handle(Object(Illuminate\\Http\\Request))
#53 D:\\workspace\\Asist1\\asisigit\\l_vegaasist.com.tr\\vasist-project\\vendor\\laravel\\framework\\src\\Illuminate\\Foundation\\resources\\server.php(16): require_once('D:\\\\workspace\\\\As...')
#54 {main}
"} 
[2025-07-04 12:25:44] local.INFO: Number of queries: 3  
[2025-07-04 12:27:43] local.INFO: QueryLoggingMiddleware started  
[2025-07-04 12:27:44] local.INFO: Number of queries: 8  
[2025-07-04 12:27:44] local.INFO: QueryLoggingMiddleware started  
[2025-07-04 12:27:44] local.INFO: Number of queries: 5  
[2025-07-04 12:27:45] local.INFO: QueryLoggingMiddleware started  
[2025-07-04 12:27:45] local.INFO: Number of queries: 4  
[2025-07-04 12:27:45] local.INFO: Sayfa ziyareti {"url":"http://127.0.0.1:8000/reports/packages","method":"GET","ip":"127.0.0.1","user":1,"time":"2025-07-04 12:27:45","post_data":[]} 
[2025-07-04 12:27:45] local.INFO: QueryLoggingMiddleware started  
[2025-07-04 12:27:45] local.INFO: Number of queries: 3  
[2025-07-04 12:27:45] local.INFO: Sayfa ziyareti {"url":"http://127.0.0.1:8000/reports/customers","method":"GET","ip":"127.0.0.1","user":1,"time":"2025-07-04 12:27:45","post_data":[]} 
[2025-07-04 12:28:27] local.INFO: QueryLoggingMiddleware started  
[2025-07-04 12:28:27] local.INFO: Number of queries: 3  
[2025-07-04 12:35:18] local.INFO: QueryLoggingMiddleware started  
[2025-07-04 12:35:18] local.INFO: Number of queries: 5  
[2025-07-04 12:35:20] local.INFO: QueryLoggingMiddleware started  
[2025-07-04 12:35:20] local.INFO: Number of queries: 3  
[2025-07-04 12:36:29] local.INFO: QueryLoggingMiddleware started  
[2025-07-04 12:36:29] local.INFO: Number of queries: 4  
[2025-07-04 12:36:29] local.INFO: Sayfa ziyareti {"url":"http://127.0.0.1:8000/reports/packages","method":"GET","ip":"127.0.0.1","user":1,"time":"2025-07-04 12:36:29","post_data":[]} 
[2025-07-04 12:36:30] local.INFO: QueryLoggingMiddleware started  
[2025-07-04 12:36:30] local.INFO: Number of queries: 5  
[2025-07-04 12:36:30] local.INFO: QueryLoggingMiddleware started  
[2025-07-04 12:36:30] local.INFO: Number of queries: 5  
[2025-07-04 12:36:31] local.INFO: QueryLoggingMiddleware started  
[2025-07-04 12:36:31] local.INFO: Number of queries: 8  
[2025-07-04 12:36:32] local.INFO: QueryLoggingMiddleware started  
[2025-07-04 12:36:32] local.INFO: Number of queries: 5  
[2025-07-04 12:36:33] local.INFO: QueryLoggingMiddleware started  
[2025-07-04 12:36:33] local.INFO: Number of queries: 4  
[2025-07-04 12:36:33] local.INFO: Sayfa ziyareti {"url":"http://127.0.0.1:8000/reports/packages","method":"GET","ip":"127.0.0.1","user":1,"time":"2025-07-04 12:36:33","post_data":[]} 
[2025-07-04 12:36:33] local.INFO: QueryLoggingMiddleware started  
[2025-07-04 12:36:34] local.INFO: Number of queries: 8  
[2025-07-04 12:36:34] local.INFO: QueryLoggingMiddleware started  
[2025-07-04 12:36:34] local.INFO: Number of queries: 5  
[2025-07-04 12:36:34] local.INFO: QueryLoggingMiddleware started  
[2025-07-04 12:36:35] local.INFO: Number of queries: 5  
[2025-07-04 12:36:35] local.INFO: QueryLoggingMiddleware started  
[2025-07-04 12:36:35] local.INFO: Number of queries: 5  
[2025-07-04 12:36:35] local.INFO: QueryLoggingMiddleware started  
[2025-07-04 12:36:36] local.INFO: Number of queries: 4  
[2025-07-04 12:36:36] local.INFO: Sayfa ziyareti {"url":"http://127.0.0.1:8000/reports/packages","method":"GET","ip":"127.0.0.1","user":1,"time":"2025-07-04 12:36:36","post_data":[]} 
[2025-07-04 12:36:36] local.INFO: QueryLoggingMiddleware started  
[2025-07-04 12:36:36] local.INFO: Number of queries: 4  
[2025-07-04 12:36:36] local.INFO: Sayfa ziyareti {"url":"http://127.0.0.1:8000/reports/packages","method":"GET","ip":"127.0.0.1","user":1,"time":"2025-07-04 12:36:36","post_data":[]} 
[2025-07-04 12:36:37] local.INFO: QueryLoggingMiddleware started  
[2025-07-04 12:36:37] local.INFO: Number of queries: 8  
[2025-07-04 12:36:37] local.INFO: QueryLoggingMiddleware started  
[2025-07-04 12:36:38] local.INFO: Number of queries: 5  
[2025-07-04 12:36:38] local.INFO: QueryLoggingMiddleware started  
[2025-07-04 12:36:38] local.INFO: Number of queries: 5  
[2025-07-04 12:36:38] local.INFO: QueryLoggingMiddleware started  
[2025-07-04 12:36:39] local.INFO: Number of queries: 8  
[2025-07-04 12:36:39] local.INFO: QueryLoggingMiddleware started  
[2025-07-04 12:36:39] local.INFO: Number of queries: 4  
[2025-07-04 12:36:39] local.INFO: Sayfa ziyareti {"url":"http://127.0.0.1:8000/reports/packages","method":"GET","ip":"127.0.0.1","user":1,"time":"2025-07-04 12:36:39","post_data":[]} 
[2025-07-04 12:36:39] local.INFO: QueryLoggingMiddleware started  
[2025-07-04 12:36:40] local.INFO: Number of queries: 5  
[2025-07-04 12:36:40] local.INFO: QueryLoggingMiddleware started  
[2025-07-04 12:36:40] local.INFO: Number of queries: 4  
[2025-07-04 12:36:40] local.INFO: Sayfa ziyareti {"url":"http://127.0.0.1:8000/reports/packages","method":"GET","ip":"127.0.0.1","user":1,"time":"2025-07-04 12:36:40","post_data":[]} 
[2025-07-04 12:36:41] local.INFO: QueryLoggingMiddleware started  
[2025-07-04 12:36:41] local.INFO: Number of queries: 8  
[2025-07-04 12:36:41] local.INFO: QueryLoggingMiddleware started  
[2025-07-04 12:36:42] local.INFO: Number of queries: 5  
[2025-07-04 12:36:42] local.INFO: QueryLoggingMiddleware started  
[2025-07-04 12:36:42] local.INFO: Number of queries: 5  
[2025-07-04 12:36:43] local.INFO: QueryLoggingMiddleware started  
[2025-07-04 12:36:43] local.INFO: Number of queries: 8  
[2025-07-04 12:36:43] local.INFO: QueryLoggingMiddleware started  
[2025-07-04 12:36:44] local.INFO: Number of queries: 4  
[2025-07-04 12:36:44] local.INFO: Sayfa ziyareti {"url":"http://127.0.0.1:8000/reports/packages","method":"GET","ip":"127.0.0.1","user":1,"time":"2025-07-04 12:36:44","post_data":[]} 
[2025-07-04 12:36:44] local.INFO: QueryLoggingMiddleware started  
[2025-07-04 12:36:44] local.INFO: Number of queries: 8  
[2025-07-04 12:36:45] local.INFO: QueryLoggingMiddleware started  
[2025-07-04 12:36:45] local.INFO: Number of queries: 4  
[2025-07-04 12:36:45] local.INFO: Sayfa ziyareti {"url":"http://127.0.0.1:8000/reports/packages","method":"GET","ip":"127.0.0.1","user":1,"time":"2025-07-04 12:36:45","post_data":[]} 
[2025-07-04 12:36:45] local.INFO: QueryLoggingMiddleware started  
[2025-07-04 12:36:45] local.INFO: Number of queries: 5  
[2025-07-04 12:36:45] local.INFO: QueryLoggingMiddleware started  
[2025-07-04 12:36:46] local.INFO: Number of queries: 5  
[2025-07-04 12:36:46] local.INFO: QueryLoggingMiddleware started  
[2025-07-04 12:36:46] local.INFO: Number of queries: 5  
[2025-07-04 12:36:47] local.INFO: QueryLoggingMiddleware started  
[2025-07-04 12:36:47] local.INFO: Number of queries: 8  
[2025-07-04 12:36:47] local.INFO: QueryLoggingMiddleware started  
[2025-07-04 12:36:47] local.INFO: Number of queries: 5  
[2025-07-04 12:36:49] local.INFO: QueryLoggingMiddleware started  
[2025-07-04 12:36:50] local.INFO: Number of queries: 8  
[2025-07-04 12:36:50] local.INFO: QueryLoggingMiddleware started  
[2025-07-04 12:36:50] local.INFO: Number of queries: 4  
[2025-07-04 12:36:50] local.INFO: Sayfa ziyareti {"url":"http://127.0.0.1:8000/reports/packages","method":"GET","ip":"127.0.0.1","user":1,"time":"2025-07-04 12:36:50","post_data":[]} 
[2025-07-04 12:36:50] local.INFO: QueryLoggingMiddleware started  
[2025-07-04 12:36:51] local.INFO: Number of queries: 5  
[2025-07-04 12:36:51] local.INFO: QueryLoggingMiddleware started  
[2025-07-04 12:36:51] local.INFO: Number of queries: 5  
[2025-07-04 12:36:59] local.INFO: QueryLoggingMiddleware started  
[2025-07-04 12:37:00] local.INFO: Number of queries: 5  
[2025-07-04 12:38:02] local.INFO: QueryLoggingMiddleware started  
[2025-07-04 12:38:03] local.INFO: Number of queries: 5  
[2025-07-04 12:38:03] local.INFO: QueryLoggingMiddleware started  
[2025-07-04 12:38:03] local.INFO: Number of queries: 4  
[2025-07-04 12:38:03] local.INFO: Sayfa ziyareti {"url":"http://127.0.0.1:8000/reports/packages","method":"GET","ip":"127.0.0.1","user":1,"time":"2025-07-04 12:38:03","post_data":[]} 
[2025-07-04 12:38:04] local.INFO: QueryLoggingMiddleware started  
[2025-07-04 12:38:04] local.INFO: Number of queries: 8  
[2025-07-04 12:38:04] local.INFO: QueryLoggingMiddleware started  
[2025-07-04 12:38:04] local.INFO: Number of queries: 5  
[2025-07-04 12:38:07] local.INFO: QueryLoggingMiddleware started  
[2025-07-04 12:38:08] local.INFO: Number of queries: 5  
[2025-07-04 12:38:08] local.INFO: QueryLoggingMiddleware started  
[2025-07-04 12:38:08] local.INFO: Number of queries: 4  
[2025-07-04 12:38:08] local.INFO: Sayfa ziyareti {"url":"http://127.0.0.1:8000/reports/packages","method":"GET","ip":"127.0.0.1","user":1,"time":"2025-07-04 12:38:08","post_data":[]} 
[2025-07-04 12:38:09] local.INFO: QueryLoggingMiddleware started  
[2025-07-04 12:38:09] local.INFO: Number of queries: 8  
[2025-07-04 12:38:09] local.INFO: QueryLoggingMiddleware started  
[2025-07-04 12:38:09] local.INFO: Number of queries: 5  
[2025-07-04 12:38:12] local.INFO: QueryLoggingMiddleware started  
[2025-07-04 12:38:12] local.INFO: Number of queries: 4  
[2025-07-04 12:38:12] local.INFO: Sayfa ziyareti {"url":"http://127.0.0.1:8000/reports/packages","method":"GET","ip":"127.0.0.1","user":1,"time":"2025-07-04 12:38:12","post_data":[]} 
[2025-07-04 12:38:13] local.INFO: QueryLoggingMiddleware started  
[2025-07-04 12:38:13] local.INFO: Number of queries: 8  
[2025-07-04 12:38:13] local.INFO: QueryLoggingMiddleware started  
[2025-07-04 12:38:14] local.INFO: Number of queries: 5  
[2025-07-04 12:38:14] local.INFO: QueryLoggingMiddleware started  
[2025-07-04 12:38:14] local.INFO: Number of queries: 5  
[2025-07-04 12:38:58] local.INFO: QueryLoggingMiddleware started  
[2025-07-04 12:38:58] local.INFO: Number of queries: 4  
[2025-07-04 12:38:58] local.INFO: Sayfa ziyareti {"url":"http://127.0.0.1:8000/reports/packages","method":"GET","ip":"127.0.0.1","user":1,"time":"2025-07-04 12:38:58","post_data":[]} 
[2025-07-04 12:38:59] local.INFO: QueryLoggingMiddleware started  
[2025-07-04 12:38:59] local.INFO: Number of queries: 8  
[2025-07-04 12:38:59] local.INFO: QueryLoggingMiddleware started  
[2025-07-04 12:39:00] local.INFO: Number of queries: 5  
[2025-07-04 12:39:00] local.INFO: QueryLoggingMiddleware started  
[2025-07-04 12:39:00] local.INFO: Number of queries: 5  
[2025-07-04 12:39:06] local.INFO: QueryLoggingMiddleware started  
[2025-07-04 12:39:07] local.INFO: Number of queries: 5  
[2025-07-04 12:39:07] local.INFO: QueryLoggingMiddleware started  
[2025-07-04 12:39:07] local.INFO: Number of queries: 5  
[2025-07-04 12:39:07] local.INFO: QueryLoggingMiddleware started  
[2025-07-04 12:39:08] local.INFO: Number of queries: 4  
[2025-07-04 12:39:08] local.INFO: Sayfa ziyareti {"url":"http://127.0.0.1:8000/reports/packages","method":"GET","ip":"127.0.0.1","user":1,"time":"2025-07-04 12:39:08","post_data":[]} 
[2025-07-04 12:39:08] local.INFO: QueryLoggingMiddleware started  
[2025-07-04 12:39:08] local.INFO: Number of queries: 8  
[2025-07-04 12:39:39] local.INFO: QueryLoggingMiddleware started  
[2025-07-04 12:39:39] local.INFO: Number of queries: 4  
[2025-07-04 12:39:39] local.INFO: Sayfa ziyareti {"url":"http://127.0.0.1:8000/reports/packages","method":"GET","ip":"127.0.0.1","user":1,"time":"2025-07-04 12:39:39","post_data":[]} 
[2025-07-04 12:39:40] local.INFO: QueryLoggingMiddleware started  
[2025-07-04 12:39:40] local.INFO: Number of queries: 5  
[2025-07-04 12:39:41] local.INFO: QueryLoggingMiddleware started  
[2025-07-04 12:39:41] local.INFO: Number of queries: 8  
[2025-07-04 12:39:41] local.INFO: QueryLoggingMiddleware started  
[2025-07-04 12:39:42] local.INFO: Number of queries: 5  
[2025-07-04 12:39:42] local.INFO: QueryLoggingMiddleware started  
[2025-07-04 12:39:42] local.INFO: Number of queries: 5  
[2025-07-04 12:39:43] local.INFO: QueryLoggingMiddleware started  
[2025-07-04 12:39:43] local.INFO: Number of queries: 5  
[2025-07-04 12:39:43] local.INFO: QueryLoggingMiddleware started  
[2025-07-04 12:39:43] local.INFO: Number of queries: 4  
[2025-07-04 12:39:43] local.INFO: Sayfa ziyareti {"url":"http://127.0.0.1:8000/reports/packages","method":"GET","ip":"127.0.0.1","user":1,"time":"2025-07-04 12:39:43","post_data":[]} 
[2025-07-04 12:40:02] local.INFO: QueryLoggingMiddleware started  
[2025-07-04 12:40:03] local.INFO: Number of queries: 8  
[2025-07-04 12:40:03] local.INFO: QueryLoggingMiddleware started  
[2025-07-04 12:40:03] local.INFO: Number of queries: 4  
[2025-07-04 12:40:03] local.INFO: Sayfa ziyareti {"url":"http://127.0.0.1:8000/reports/packages","method":"GET","ip":"127.0.0.1","user":1,"time":"2025-07-04 12:40:03","post_data":[]} 
[2025-07-04 12:40:03] local.INFO: QueryLoggingMiddleware started  
[2025-07-04 12:40:04] local.INFO: Number of queries: 5  
[2025-07-04 12:40:04] local.INFO: QueryLoggingMiddleware started  
[2025-07-04 12:40:05] local.INFO: Number of queries: 5  
[2025-07-04 12:40:05] local.INFO: QueryLoggingMiddleware started  
[2025-07-04 12:40:05] local.INFO: Number of queries: 5  
[2025-07-04 12:40:06] local.INFO: QueryLoggingMiddleware started  
[2025-07-04 12:40:06] local.INFO: Number of queries: 4  
[2025-07-04 12:40:06] local.INFO: Sayfa ziyareti {"url":"http://127.0.0.1:8000/reports/packages","method":"GET","ip":"127.0.0.1","user":1,"time":"2025-07-04 12:40:06","post_data":[]} 
[2025-07-04 12:40:06] local.INFO: QueryLoggingMiddleware started  
[2025-07-04 12:40:06] local.INFO: Number of queries: 8  
[2025-07-04 13:30:26] local.INFO: QueryLoggingMiddleware started  
[2025-07-04 13:30:27] local.INFO: Number of queries: 3  
